[03:57:08] [Render thread/INFO] [JMLogger] JourneyMap log initialized.
[03:57:08] [Render thread/INFO] [JourneymapClient] initialize ENTER
[03:57:08] [Render thread/INFO] [ClientAPI] [ClientAPI] built with JourneyMap API 1.9-SNAPSHOT
[03:57:08] [Render thread/INFO] [PluginHelper] Initializing plugins with Client API: journeymap.client.api.impl.ClientAPI
[03:57:08] [Render thread/INFO] [PluginHelper] Initialized IClientPlugin: com.tom.createores.jm.JMPlugin
[03:57:08] [Render thread/INFO] [PluginHelper] Initialized IClientPlugin: com.minecolonies.core.compatibility.journeymap.JourneymapPlugin
[03:57:08] [Render thread/INFO] [PluginHelper] Initialized IClientPlugin: net.blay09.mods.waystones.compat.JourneyMapIntegration
[03:57:08] [Render thread/INFO] [PluginHelper] Initialized IClientPlugin: com.railwayteam.railways.compat.journeymap.RailwayMapPlugin
[03:57:08] [Render thread/DEBUG] [JourneymapClient] Loading and Generating Journeymap configs
[03:57:08] [Render thread/WARN] [PropertiesBase] core (Initialized) Bad configField entry during updateFrom(): optionsManagerViewed=null
[03:57:08] [Render thread/INFO] [?] Version: JourneyMap 1.20.1-5.10.0, built with forge 1.20.1-47.2.30
forge: 47.2.17
Environment: os.name, os.arch, java.version, user.country, user.language=null, game language=en_us, locale=en_us
Features: 
	RadarPlayers : singleplayer = true , multiplayer = true
	RadarAnimals : singleplayer = true , multiplayer = true
	RadarMobs : singleplayer = true , multiplayer = true
	RadarVillagers : singleplayer = true , multiplayer = true
	MapTopo : singleplayer = true , multiplayer = true
	MapSurface : singleplayer = true , multiplayer = true
	MapCaves : singleplayer = true , multiplayer = true
	MapBiome : singleplayer = true , multiplayer = true
MiniMapProperties{state=Valid, file=journeymap.minimap.config, configVersion=5.10.0, zoomLevel=0, compassFontScale=1.0, terrainAlpha=100, showEntityNames=true, positionX=0.9, positionY=0.25, effectVertical=false, showPlayerHeading=true, sizePercent=30, playerDisplayScale=1.0, showDayNight=true, showPets=true, preferredMapType=day, showCompass=true, mobDisplay=jm.common.entity_display.dots, systemTimeRealFormat=HH:mm:ss, shape=jm.minimap.shape_circle, showSelf=true, selfDisplayScale=1.0, showGrid=true, reticleOrientation=jm.minimap.orientation.compass, gameTimeRealFormat=HH:mm:ss, effectTranslateX=-112, showWaypoints=true, minimapKeyMovementSpeed=0.001, showAnimals=true, infoSlotAlpha=0.7, effectTranslateY=0, showWaypointLabels=true, moveEffectIcons=true, position=jm.minimap.position_topright, fontScale=1.0, showPlayers=true, waypointIconScale=1.0, frameAlpha=100, effectReversed=false, backgroundAlpha=0.8, enabled=true, showVillagers=true, info2Label=jm.theme.labelsource.gametime, info3Label=jm.theme.labelsource.location, showMobs=true, waypointLabelScale=1.0, showReticle=true, orientation=jm.minimap.orientation.north, info4Label=jm.theme.labelsource.biome, locationFormat=xzyv, playerDisplay=jm.common.entity_display.dots, mobDisplayScale=1.0, showCaves=true, showMobHeading=true, locationFormatVerbose=true, info1Label=jm.theme.labelsource.blank}
MiniMapProperties{state=Valid, file=journeymap.minimap2.config, configVersion=5.10.0, zoomLevel=0, compassFontScale=1.0, terrainAlpha=100, showEntityNames=true, positionX=0.9, positionY=0.25, effectVertical=false, showPlayerHeading=true, sizePercent=30, playerDisplayScale=1.0, showDayNight=true, showPets=true, preferredMapType=day, showCompass=true, mobDisplay=jm.common.entity_display.dots, systemTimeRealFormat=HH:mm:ss, shape=jm.minimap.shape_rectangle, showSelf=true, selfDisplayScale=1.0, showGrid=true, reticleOrientation=jm.minimap.orientation.compass, gameTimeRealFormat=HH:mm:ss, effectTranslateX=-196, showWaypoints=true, minimapKeyMovementSpeed=0.001, showAnimals=true, infoSlotAlpha=0.7, effectTranslateY=0, showWaypointLabels=true, moveEffectIcons=true, position=jm.minimap.position_topright, fontScale=1.0, showPlayers=true, waypointIconScale=1.0, frameAlpha=100, effectReversed=false, backgroundAlpha=0.8, enabled=true, showVillagers=true, info2Label=jm.theme.labelsource.gametime, info3Label=jm.theme.labelsource.location, showMobs=true, waypointLabelScale=1.0, showReticle=true, orientation=jm.minimap.orientation.north, info4Label=jm.theme.labelsource.biome, locationFormat=xzyv, playerDisplay=jm.common.entity_display.dots, mobDisplayScale=1.0, showCaves=true, showMobHeading=true, locationFormatVerbose=true, info1Label=jm.theme.labelsource.blank}
FullMapProperties{state=Valid, file=journeymap.fullmap.config, configVersion=5.10.0, zoomLevel=1, showPlayers=true, waypointIconScale=1.0, showEntityNames=true, showPlayerHeading=true, showVillagers=true, showPlayerLoc=true, showKeys=true, playerDisplayScale=1.0, showMobs=true, showPets=true, waypointLabelScale=1.0, preferredMapType=day, mobDisplay=jm.common.entity_display.dots, showSelf=true, locationFormat=xzyv, playerDisplay=jm.common.entity_display.dots, mobDisplayScale=1.0, selfDisplayScale=1.0, showGrid=true, showMouseLoc=true, showWaypoints=true, showCaves=true, showAnimals=true, showMobHeading=true, showWaypointLabels=true, locationFormatVerbose=true, fontScale=1.0}
WaypointProperties{state=Valid, file=journeymap.waypoint.config, configVersion=5.10.0, autoRemoveDeathpointDistance=2, dateFormat=MM-dd-yyyy, autoRemoveDeathpoints=false, fullscreenDoubleClickToCreate=true, managerDimensionFocus=false, minDistance=4, boldLabel=false, textureSmall=true, showDeathpointlabel=true, beaconEnabled=true, createDeathpoints=true, showName=true, disableStrikeThrough=false, maxDistance=0, autoHideLabel=true, autoRemoveTempWaypoints=2, teleportCommand=/tp {name} {x} {y} {z}, showStaticBeam=true, shaderBeacon=false, timeFormat=HH:mm:ss, showDeviationLabel=false, showDistance=true, showRotatingBeam=true, fontScale=2.0, showTexture=true, managerEnabled=true}
WebMapProperties{state=Valid, file=journeymap.webmap.config, configVersion=5.10.0, port=8080, enabled=false}
CoreProperties{state=Valid, file=journeymap.core.config, configVersion=5.10.0, verboseColorPalette=false, maxPlayersData=32, mapSurfaceAboveCaves=true, dataCachingEnabled=true, optionsManagerViewed=null, announceMod=true, colorPassive=#bbbbbb, mapBlendWater=false, renderDistanceSurfaceMax=0, seedId=false, radarVerticalDistance=16, mapBlendGrass=true, recordCacheStats=false, hideSneakingEntities=true, revealShape=jm.minimap.shape_circle, mapBiome=true, alwaysMapSurface=false, colorVillager=#88e188, mapPlants=false, colorPet=#0077ff, radarLateralDistance=64, mapBathymetry=false, mapCrops=true, maxMobsData=32, mapPlantShadows=false, alwaysMapCaves=false, checkUpdates=true, mapBlendFoliage=true, hideSpectators=false, mappingEnabled=true, colorPlayer=#ffffff, tileHighDisplayQuality=true, cacheVillagersData=2200, logLevel=INFO, maxVillagersData=32, mapWaterBiomeColors=false, maxAnimalsData=32, mapTransparency=true, caveBlackAsClear=false, tileRenderType=1, caveIgnoreGlass=true, mapTopography=true, renderDistanceCaveMax=0, mapAntialiasing=true, colorSelf=#0000ff, cachePlayersData=2000, cacheMobsData=3000, cachePlayerData=1000, splashViewed=5.10.0, colorHostile=#ff0000, cacheAnimalsData=3100, themeName=OceanMonument, mapCaveLighting=true, renderDelay=2, glErrorChecking=false, autoMapPoll=2000}
[03:57:08] [Render thread/DEBUG] [ForgeEventHandlerManager] Handler registered: journeymap.client.event.forge.ForgeKeyEvents
[03:57:08] [Render thread/DEBUG] [ForgeEventHandlerManager] Handler registered: journeymap.client.event.forge.ForgeChatEvents
[03:57:08] [Render thread/DEBUG] [ForgeEventHandlerManager] Handler registered: journeymap.client.event.forge.ForgeHudOverlayEvents
[03:57:08] [Render thread/DEBUG] [ForgeEventHandlerManager] Handler registered: journeymap.client.event.forge.ForgeWorldEvent
[03:57:08] [Render thread/DEBUG] [ForgeEventHandlerManager] Handler registered: journeymap.client.event.forge.ForgeChunkEvents
[03:57:08] [Render thread/DEBUG] [ForgeEventHandlerManager] Handler registered: journeymap.client.event.forge.ForgeClientTickEvent
[03:57:08] [Render thread/DEBUG] [ForgeEventHandlerManager] Handler registered: journeymap.client.event.forge.ForgeRenderLevelLastEvent
[03:57:08] [Render thread/DEBUG] [ForgeEventHandlerManager] Handler registered: journeymap.client.event.forge.ForgeLoggedInEvent
[03:57:08] [Render thread/DEBUG] [ForgeEventHandlerManager] Handler registered: journeymap.client.event.forge.ForgeTextureStitchedEvent
[03:57:08] [Render thread/DEBUG] [ForgeEventHandlerManager] Handler registered: journeymap.client.event.forge.ForgePopupCustomEvents
[03:57:08] [Render thread/INFO] [JourneymapClient] initialize EXIT, elapsed count 1 avg 293.89ms
[03:57:24] [Render thread/INFO] [JourneymapClient] Journeymap PostInit
[03:57:24] [Render thread/DEBUG] [JourneymapClient] postInitialize ENTER
[03:57:24] [Render thread/TRACE] [ThemeLoader] Initializing themes ...
[03:57:24] [Render thread/INFO] [ThemeLoader] Preloaded theme textures: 73
[03:57:24] [Render thread/INFO] [JourneymapClient] postInitialize EXIT, elapsed count 1 avg 271.43ms
[04:22:37] [Server thread/INFO] [ForgeConfig] Loading JourneyMap Forge Configs
[04:23:18] [Render thread/WARN] [PropertiesBase] core (Initialized) Bad configField entry during updateFrom(): optionsManagerViewed=null
[04:23:18] [Render thread/INFO] [ModBlockDelegate] Custom modded block handling enabled for create
[04:23:18] [Render thread/INFO] [WaypointStore] Loaded 0 waypoints from D:\Games\MinecraftModded\profiles\Delightful Machinations - Build Version\journeymap\data\sp\Test\waypoints
[04:23:18] [Render thread/INFO] [JourneymapClient] Mapping started in D:\Games\MinecraftModded\profiles\Delightful Machinations - Build Version\journeymap\data\sp\Test\overworld. Memory: 4800MB total, 1709MB free 
[04:23:18] [Render thread/INFO] [ChatLog] JourneyMap: Press [J]
[04:23:27] [Render thread/INFO] [JourneymapClient] Mapping halted in D:\Games\MinecraftModded\profiles\Delightful Machinations - Build Version\journeymap\data\mp\offline\minecraft:overworld
[04:23:28] [JM-task-4/WARN] [TaskBatch] TaskBatch thread interrupted: journeymap.client.task.multi.MapPlayerTask$MapPlayerTaskBatch@44b88fe4
[04:23:29] [Server thread/ERROR] [PluginWrapper] Plugin JMPlugin{modId=createoreexcavation} errored during event: MAPPING_STOPPED
java.lang.NullPointerException: Cannot invoke "java.io.File.mkdirs()" because "modFolder" is null
	at com.tom.createores.jm.OreVeinsOverlay.onMappingStopped(OreVeinsOverlay.java:107) ~[createoreexcavation-1.20-1.4.4.jar%23428!/:1.4.4]
	at com.tom.createores.jm.JMPlugin.onEvent(JMPlugin.java:36) ~[createoreexcavation-1.20-1.4.4.jar%23428!/:1.4.4]
	at journeymap.client.api.impl.PluginWrapper.notify(PluginWrapper.java:377) ~[journeymap-1.20.1-5.10.0-forge.jar%23472!/:1.20.1-5.10.0]
	at journeymap.client.api.impl.ClientEventManager.fireMappingEvent(ClientEventManager.java:81) ~[journeymap-1.20.1-5.10.0-forge.jar%23472!/:1.20.1-5.10.0]
	at journeymap.client.JourneymapClient.stopMapping(JourneymapClient.java:608) ~[journeymap-1.20.1-5.10.0-forge.jar%23472!/:1.20.1-5.10.0]
	at journeymap.client.event.handlers.WorldEventHandler.onUnload(WorldEventHandler.java:32) ~[journeymap-1.20.1-5.10.0-forge.jar%23472!/:1.20.1-5.10.0]
	at journeymap.client.event.forge.ForgeWorldEvent.onUnload(ForgeWorldEvent.java:19) ~[journeymap-1.20.1-5.10.0-forge.jar%23472!/:1.20.1-5.10.0]
	at journeymap.client.event.forge.__ForgeWorldEvent_onUnload_Unload.invoke(.dynamic) ~[journeymap-1.20.1-5.10.0-forge.jar%23472!/:1.20.1-5.10.0]
	at net.minecraftforge.eventbus.ASMEventHandler.invoke(ASMEventHandler.java:73) ~[eventbus-6.0.5.jar%23116!/:?]
	at net.minecraftforge.eventbus.EventBus.post(EventBus.java:315) ~[eventbus-6.0.5.jar%23116!/:?]
	at net.minecraftforge.eventbus.EventBus.post(EventBus.java:296) ~[eventbus-6.0.5.jar%23116!/:?]
	at net.minecraft.server.MinecraftServer.m_7041_(MinecraftServer.java:589) ~[client-1.20.1-20230612.114412-srg.jar%23574!/:?]
	at net.minecraft.client.server.IntegratedServer.m_7041_(IntegratedServer.java:187) ~[client-1.20.1-20230612.114412-srg.jar%23574!/:?]
	at net.minecraft.server.MinecraftServer.m_130011_(MinecraftServer.java:689) ~[client-1.20.1-20230612.114412-srg.jar%23574!/:?]
	at net.minecraft.server.MinecraftServer.m_206580_(MinecraftServer.java:251) ~[client-1.20.1-20230612.114412-srg.jar%23574!/:?]
	at java.lang.Thread.run(Unknown Source) ~[?:?]
[04:23:30] [Server thread/INFO] [ForgeConfig] Loading JourneyMap Forge Configs
